100
.........................................#................#.........................#.......#.....#....
........................#.......#..#............#...................................#..................
........................#..........................................#.................#.................
..#....#................#................................#...#..........................##.............
...........................#........#.................................................#........#.......
...................##..#................#.....................................#.......#................
........#..........#.....#..#............#.....#...................#...................................
#.#....................#...............#..................................#...#........#..#............
...........#..............................#....................#.......................................
#................#................................#.............##.................................#...
.........................................#...................................#.........................
.......................#.........#....#....#.............................#.................#...........
................#.........#..........#.......................#...#.....................................
.........................................#.............................................................
..............#.....#....#..................#..............#......#.....................#...#.....##...
......#..................#..............#............................#.............#...................
....##......#.............................#.......#..#.................................................
....................#...............................#.........................................#........
......#....##...........................#....................#........#...............#............#...
..........#........................................................................#.#.....#...........
.................#.........................................#...........................................
.............................................................#.............#...........................
...................................................#......................#.................#..........
............#...........#...#.............#....#...................#....##.......................#.....
...#.........#............................................#................#...............#.#.........
...............#.#......#..............................................#..............#................
...................................#................#..........#..............#...#........#..#....#...
...............................#.......................................#..#...................#........
..........................................................................................#.....#......
....#......#............#.#...............#..........................................#............#....
...................#...#.....................#.........................................................
.......................................#...........#.....#..................#..........................
......................#..........................#....................#...................#..#.........
............#............##.......#......................................#.#...........................
..............#.#......#.................##...............................#......#.....................
..............................#...............#......................#...#....#........................
....................#.....#...............................................#............................
..........................#...................................................#........................
..#........................#.............#........................#.........................#..........
...................#.................................#.................#...............................
......#................................................#.............#...................#.............
..................................................#.#........................#.................#...#...
......................................#...........#..................#..............................#..
...................................................#.............#.....#.............#.................
..............................#..................#...........#.........................................
.....................#......................................#.................#........................
...................................................................................#.........#.........
......#................................................................................................
....#...............................#....#...........#............#....................#...............
.....#..........#...........................#...............................................#..........
................#.#.................................#.................#................................
..................#...#....................#.........#.#.......#..................#....#......#........
.........................#....................#.....................................#.........#........
.....................................#......................#..................................#...#...
.#....#.#..##..............................#.....................#........................#............
.........................#.................#............................................#..............
.............###................................................#..................................#...
....................#...#.....................................#........................................
..................#.........#.........................#.......#......#..........................#......
...#.........#...#..#.......#.............................##...........................................
.........................................................#.................#........#..................
....................#...#.........#.................#................................#.................
.......................#..........#....#.................................#......#......................
.........#...#......#....#.............#......................#........................................
.......#........#......................................................................................
..............#..#..#.....................................................#............................
............#...#.....................#.................................................#......#.......
.......................................................#..#............................................
...................................................................................................##..
......................................#....................#.#.......#........#....#...................
#...........................................................##.......................#.................
..................#...........................#............#......#....................................
......#..#.##....#.......................................#....#..............................#.........
..............................#...........#.....................................#......................
................#.........#.....#...............................#..................#........#..........
....#....................#.........................#...................#.........#..#............#.....
.......#......#.....................................................#.......#....#.#.#.................
........#....................#.........................#...............................................
......................#.................................#........#........................#............
..............#...#..#.#..#...................#..#...................................#...#.............
................#........##..................................#.....#................#..................
.....#...#.........#............................#......................................................
....#.....................##..............#...............#........#.......#...........................
#.....#.......................#.....................#.....................#............................
.....................................................#...........................#.....................
.................#............#......................................#.....................#...........
..#.............................................#................##...............##...................
...........................................##......................#..........#..#...............#.....
.................#............#..........#........#...........#.#.....#...........#....................
........#..................##......................#............................................#......
.............#...#....#...........#...................#.....#..........................................
.#.............#.........#..........#.......................#..#...............##.#...........##.......
..........................................##......................................................#....
............................................#...............#..................#.......................
.......#..........#.................................#........................#...............#.........
......................................#................#...........#....#...........#..................
.......................................................................................................
....................#...#...............#..................#.................................#.....#...
................................#........#........#......................#....................#........
.............#..............#...............................#.....#................................#...
........#...............................................#..............................................
215476074
6285
.......................................................................................................
....#..................................................................................................
.....................................................#..........................#......................
............#..................................#.......................................#...............
#.........#............................................................................................
.................#......#.....................................................................#........
.....................................................#........................................#........
..................................................#....................................................
.....#.......................................#..........................#..............................
............................#.........#.......................#........................................
.......................................................................................................
....................#..................................................................................
.......................................................................................................
................................................#......................................................
.#..............#...#.................................................#................................
...................#...................................................................................
...................................................................#...................................
.......................................................................................................
.......................................................................................................
.......................................................................................#...............
........................................................................#..............................
................................#......................................................................
.............................................................#.........#..............#................
.................................................................................#.....................
.....................................................#.................................................
.......................#.......#..........#............................................................
...........................................#...........................................................
.......................................................................................................
........................................#......#.....#........#..................#................#....
..............................................................#........................................
.......................................................#...............................................
.#..........................................................................................#..........
..................................###############################..............#..........#............
..................................#.............................#.#....................................
..................................#.............................#........................#.............
.................#..#..........#..#.............................#......#...............................
..................................#.............................#......................................
..................................#..............#..............#......................................
.........................#........#.............###.............#......................................
.....................#............#............#####............#......................................
..................................#...........#######...........#......................................
..................................#..........#########..........#......................................
..................................#............#####............#..#...................................
...........................##.....#...........#######...........#...........................#..........
..................................#..........#########..........#......................................
.............................#....#.........###########.........#......................................
..................................#........#############........#......................................
..#...............................#..........#########..........#.#.......................#............
..................................#.........###########.........#......................................
.....................##...........#........#############........#......................................
..................................#.......###############.......#.................#....................
...#...........................#..#......#################......#.......................#..............
.........#........................#........#############........#..#...................................
...........................#......#.......###############.......#......................................
...............#..................#......#################......#......................................
..................................#.....###################.....#......................................
..................................#....#####################....#......................................
......................#...........#.............###.............#......................................
..................................#.............###.............#......................................
..................................#.............###.............#........................#.............
.......#..........................#.............................#......................................
...........................#......#.............................#................#....#................
......#...........................#.............................#......................................
..................................#.............................#......................................
..................................###############################......................................
.............#.........................................................................................
.............................................................................................#......#..
............#..........................................................................................
.......................#........................................................#............#.........
.......................#...............................................................................
....................#..................................................................................
....................................#..................................................................
.......................................................................................................
...............................#.....#........#.............................#..........................
..................................................#.............................#.............#........
.......................................................................................................
......................................#...............................#..................#.............
...............................................................................#.......................
..#....................................................................................................
.......................#..........#.........................................................#..........
...................................................................................................#...
.....#.................................................................................................
...........#...........................................................................................
......#...................#............................................................................
.......................................................................................................
.......................................#......#..#............................#........................
.......................................................................................................
...#..........................................................#........................................
...........#.....#......................#.............#...#............................................
..........................#............................................................................
.......................................................................................................
...#.............................................................#.....................................
.......................................................................................................
..................#...........#...................................................................#....
........#...............#..............................................................................
........................#..............................................#...............................
........................................................................................#..............
.......................#..........................................................#..#.................
.............................................................#.....................#...................
..................................................................................#............#.......
.......................................................................................................
6286
.............#......................#..............#....................................#........#.....
..............#......#.................................................................................
..........................#........................................................#...................
...#.............................#..............#....................#.............##.#................
.#....#.................................................#...........#.#..........#.#...................
......##.....#...........#......................#.....................................#................
.#.#...........#.............#.............#..........................................#............#...
.#...................#.........#..#.....................................#..............#.......#.......
.....#.....#...........................#...#....#.............................##.#..................#..
.....................................................#......................#.....................#....
......................................#.....................#..................#.......................
.............#.............................#.....#.......#.#.................#.........................
...............#..............................#...........................#..#.........................
............#...............#..........#....................#.....................#....................
.....#..................#...........................................#..........................#.#..#..
.................##.....#........#....#...............#................................................
.###................#......................................................#.............#.............
........................................................................#.......#......................
#..#......##.....#...........#.............#..........#.................................#.....#........
...#......#.................#.............................#..........................#....#............
..........#.......#..........................#...#..#..............#..........................#........
......#.....#..................................#.......................................................
..............................#.............................#...........##.............................
.#..#.....................................#............#.#.....#.......................................
..............#...#..................#..................#...................................#..........
...................................................#..........................#........................
.................................................#....................................#.....#...#......
......#......................................#.....#...........................#...#...................
........................................................#...................#.................#........
....#..#............................................................#......#...........................
...............................................#............................#..........................
...........................#......#............................................##...#..#.#.............
...........................................#...............#...........................................
...............................#.................................................................#.....
..........#...............................#.....#......................................................
................#.....................#......................................#..#......................
.................###.......................................#........#.................#................
.............................#..................#....................#.....................#..#...#....
..................#.........................#......#...#.......#...........................##....#..#..
...........#..#......#.............#................#..................#...............................
................................###......#......#......................................................
....##.............##.............#.................................................#..................
..........#....................................................#...............#....#..................
................................................................................#......................
....................#.........#.........................................#..................#...........
.......#..............#.................................#..........##.............##.............#.....
...............#......#...............................#................................................
................................#............#.........................................................
....................................#.......................#..........#...............................
.....................#...#......#...................................#.............#.#..................
................#.......................#.......................................................#.#....
........................#....#.................................................................#.......
#............................#...........#...........##.....#..........................................
..........#......................................#......#...........#..................................
.................................#.....................................................................
...#.................................#...........#......#.........................................#....
......#............#...............#.....................#...........#..##......#...........#.....#....
.##.#...##.........#.....................................................#................#..#......#..
#..............#.....#..........................#.....................#......................#.........
....#...........................................#.#..............#...........................#.........
#.......#...................................#.#.............................................#.....#....
.#.................#............................................................#..#.......#...........
.........#......#........................................#..........#..........................#.......
..............................#........................#.....#......#..............#...................
.........................................#.................................#..#........................
..................#..........#...#..............................#.................#....................
..............................................................#...............#..#.....................
.................................................................#....#................................
...............................................................................................#.......
..........................................................##...........................................
.................#.....#................................#.......#...#.............#.........#.#...#....
...............#..............#.................................#......#...........#......#........#...
...................................#.......#......#...............#....................................
....#......................#.#..#.#..............#............#.......#................................
..............#...............#.......................................#..#......................#......
.....#...............#....#............................................................................
............#....#.........................#..........................................#................
...........#................#............................#.........................#...................
##.....#......................................................#...................................#....
......#.................................##.......#.........#..............#............................
....#....................#......#..............................................#......#..#.....#.......
................#...........................#....................#.....................................
.................................................................#.....................................
#.......................................................#.............................#....#.....#.....
...........................................#...........................................................
..........................#..............................#..................................#..........
.....#.............#.....#...............#........................................#......#.............
#...........................#.#.........................................................#..............
..........................................#.......#.......#.......................#....................
...#...#...............................#.....................................#.........................
..#.............#....................................#.......#.........................................
..............#..............#..................#...........................#................#.........
..#...#.........#.....#..............................................##...#.......#........#...........
.........#....................................#.........................#...............#..............
#...##.................................#.#....................................#.#..#...................
...........................................................................................#..#........
...........#...................#...#.#.....#...............................#......#.........#..........
......#...............................................................#...........#............#.......
..#.#................................................................#.......................#.........
.........................................#.#.................................#.........................
...............#.........#.........#..........#...............................#.......#................
6286
